chessSystem/build/outputs/logs/manifest-merger-debug-report.txt
-- Merging decision tree log ---
manifest
ADDED from src\main\AndroidManifest.xml:1:1-163:12
	package
		ADDED from src\main\AndroidManifest.xml:2:5-30
		INJECTED from src\main\AndroidManifest.xml
		INJECTED from src\main\AndroidManifest.xml
	android:versionName
		ADDED from src\main\AndroidManifest.xml:4:5-30
		INJECTED from src\main\AndroidManifest.xml
		INJECTED from src\main\AndroidManifest.xml
	android:versionCode
		ADDED from src\main\AndroidManifest.xml:3:5-28
		INJECTED from src\main\AndroidManifest.xml
		INJECTED from src\main\AndroidManifest.xml
	xmlns:android
		ADDED from src\main\AndroidManifest.xml:1:11-69
uses-sdk
ADDED from src\main\AndroidManifest.xml:6:5-8:41
MERGED from [ChessSystem:library:unspecified] AndroidManifest.xml:7:5-9:40
	android:targetSdkVersion
		ADDED from src\main\AndroidManifest.xml:8:9-38
		INJECTED from src\main\AndroidManifest.xml
		INJECTED from src\main\AndroidManifest.xml
	android:minSdkVersion
		ADDED from src\main\AndroidManifest.xml:7:9-35
		INJECTED from src\main\AndroidManifest.xml
		INJECTED from src\main\AndroidManifest.xml
uses-permission#android.permission.ACCESS_COARSE_LOCATION
ADDED from src\main\AndroidManifest.xml:10:5-81
	android:name
		ADDED from src\main\AndroidManifest.xml:10:22-78
uses-permission#android.permission.MOUNT_UNMOUNT_FILESYSTEMS
ADDED from src\main\AndroidManifest.xml:12:5-84
	android:name
		ADDED from src\main\AndroidManifest.xml:12:22-81
uses-permission#android.permission.ACCESS_FINE_LOCATION
ADDED from src\main\AndroidManifest.xml:14:5-79
	android:name
		ADDED from src\main\AndroidManifest.xml:14:22-76
uses-permission#android.permission.CHANGE_WIFI_STATE
ADDED from src\main\AndroidManifest.xml:16:5-76
	android:name
		ADDED from src\main\AndroidManifest.xml:16:22-73
uses-permission#android.permission.WRITE_EXTERNAL_STORAGE
ADDED from src\main\AndroidManifest.xml:18:5-81
	android:name
		ADDED from src\main\AndroidManifest.xml:18:22-78
uses-permission#android.permission.READ_PHONE_STATE
ADDED from src\main\AndroidManifest.xml:20:5-75
	android:name
		ADDED from src\main\AndroidManifest.xml:20:22-72
uses-permission#android.permission.INTERNET
ADDED from src\main\AndroidManifest.xml:22:5-67
	android:name
		ADDED from src\main\AndroidManifest.xml:22:22-64
uses-permission#android.permission.ACCESS_NETWORK_STATE
ADDED from src\main\AndroidManifest.xml:23:5-79
	android:name
		ADDED from src\main\AndroidManifest.xml:23:22-76
uses-permission#android.permission.ACCESS_WIFI_STATE
ADDED from src\main\AndroidManifest.xml:24:5-76
	android:name
		ADDED from src\main\AndroidManifest.xml:24:22-73
uses-permission#android.permission.READ_EXTERNAL_STORAGE
ADDED from src\main\AndroidManifest.xml:26:5-80
	android:name
		ADDED from src\main\AndroidManifest.xml:26:22-77
uses-permission#android.permission.CAMERA
ADDED from src\main\AndroidManifest.xml:28:5-65
	android:name
		ADDED from src\main\AndroidManifest.xml:28:22-62
uses-permission#android.permission.CALL_PHONE
ADDED from src\main\AndroidManifest.xml:30:5-31:23
	android:name
		ADDED from src\main\AndroidManifest.xml:30:22-66
meta-data#com.baidu.lbsapi.API_KEY
ADDED from src\main\AndroidManifest.xml:33:5-35:60
	android:value
		ADDED from src\main\AndroidManifest.xml:35:9-57
	android:name
		ADDED from src\main\AndroidManifest.xml:34:9-48
application
ADDED from src\main\AndroidManifest.xml:37:5-161:19
MERGED from [ChessSystem:library:unspecified] AndroidManifest.xml:11:5-20
	android:label
		ADDED from src\main\AndroidManifest.xml:41:9-41
	android:allowBackup
		ADDED from src\main\AndroidManifest.xml:39:9-35
	android:icon
		ADDED from src\main\AndroidManifest.xml:40:9-44
	android:theme
		ADDED from src\main\AndroidManifest.xml:42:9-62
	android:name
		ADDED from src\main\AndroidManifest.xml:38:9-54
service#com.baidu.location.f
ADDED from src\main\AndroidManifest.xml:47:9-51:19
	android:enabled
		ADDED from src\main\AndroidManifest.xml:49:13-35
	android:process
		ADDED from src\main\AndroidManifest.xml:50:13-38
	android:name
		ADDED from src\main\AndroidManifest.xml:48:13-48
activity#com.chesssystem.ui.setting.WelcomeActivity
ADDED from src\main\AndroidManifest.xml:53:9-56:20
	android:theme
		ADDED from src\main\AndroidManifest.xml:55:13-77
	android:name
		ADDED from src\main\AndroidManifest.xml:54:13-70
activity#com.chesssystem.MainActivity
ADDED from src\main\AndroidManifest.xml:57:9-64:20
	android:windowSoftInputMode
		ADDED from src\main\AndroidManifest.xml:59:13-64
	android:name
		ADDED from src\main\AndroidManifest.xml:58:13-56
intent-filter#android.intent.action.MAIN+android.intent.category.LAUNCHER
ADDED from src\main\AndroidManifest.xml:60:13-63:29
action#android.intent.action.MAIN
ADDED from src\main\AndroidManifest.xml:61:17-69
	android:name
		ADDED from src\main\AndroidManifest.xml:61:25-66
category#android.intent.category.LAUNCHER
ADDED from src\main\AndroidManifest.xml:62:17-77
	android:name
		ADDED from src\main\AndroidManifest.xml:62:27-74
activity#com.chesssystem.ui.dazi.DaziDetailActivity
ADDED from src\main\AndroidManifest.xml:65:9-66:20
	android:name
		ADDED from src\main\AndroidManifest.xml:65:19-76
activity#com.chesssystem.ui.BusinessActivity
ADDED from src\main\AndroidManifest.xml:67:9-70:20
	android:windowSoftInputMode
		ADDED from src\main\AndroidManifest.xml:69:13-64
	android:name
		ADDED from src\main\AndroidManifest.xml:68:13-63
activity#com.chesssystem.ui.dazi.InviteActivity
ADDED from src\main\AndroidManifest.xml:71:9-74:20
	android:windowSoftInputMode
		ADDED from src\main\AndroidManifest.xml:73:13-64
	android:name
		ADDED from src\main\AndroidManifest.xml:72:13-66
activity#com.chesssystem.ui.dazi.DaziActivity
ADDED from src\main\AndroidManifest.xml:75:9-76:20
	android:name
		ADDED from src\main\AndroidManifest.xml:75:19-70
activity#com.chesssystem.ui.setting.RegisterActivity
ADDED from src\main\AndroidManifest.xml:77:9-78:20
	android:name
		ADDED from src\main\AndroidManifest.xml:77:19-77
activity#com.chesssystem.ui.setting.LoginActivity
ADDED from src\main\AndroidManifest.xml:79:9-80:20
	android:name
		ADDED from src\main\AndroidManifest.xml:79:19-74
activity#com.chesssystem.ui.setting.ReviseActivity
ADDED from src\main\AndroidManifest.xml:81:9-82:20
	android:name
		ADDED from src\main\AndroidManifest.xml:81:19-75
activity#com.chesssystem.ui.MerchantsActivity
ADDED from src\main\AndroidManifest.xml:83:9-84:20
	android:name
		ADDED from src\main\AndroidManifest.xml:83:19-70
activity#com.chesssystem.ui.GoodsDetailActivity
ADDED from src\main\AndroidManifest.xml:85:9-86:20
	android:name
		ADDED from src\main\AndroidManifest.xml:85:19-72
activity#com.chesssystem.album.SelectPhotoActivity
ADDED from src\main\AndroidManifest.xml:87:9-88:20
	android:name
		ADDED from src\main\AndroidManifest.xml:87:19-75
activity#com.chesssystem.ui.order.SubmitOrderActivity
ADDED from src\main\AndroidManifest.xml:89:9-92:20
	android:windowSoftInputMode
		ADDED from src\main\AndroidManifest.xml:91:13-64
	android:name
		ADDED from src\main\AndroidManifest.xml:90:13-72
activity#com.chesssystem.ui.comment.CommentPublishActivity
ADDED from src\main\AndroidManifest.xml:93:9-94:20
	android:name
		ADDED from src\main\AndroidManifest.xml:93:19-83
activity#com.chesssystem.goods.FoodActivity
ADDED from src\main\AndroidManifest.xml:95:9-96:20
	android:name
		ADDED from src\main\AndroidManifest.xml:95:19-68
activity#com.chesssystem.map.MapActivity
ADDED from src\main\AndroidManifest.xml:97:9-98:20
	android:name
		ADDED from src\main\AndroidManifest.xml:97:19-65
activity#com.chesssystem.ui.comment.CommentAllActivity
ADDED from src\main\AndroidManifest.xml:99:9-100:20
	android:name
		ADDED from src\main\AndroidManifest.xml:99:19-79
activity#com.chesssystem.ui.setting.SettingActivity
ADDED from src\main\AndroidManifest.xml:101:9-102:20
	android:name
		ADDED from src\main\AndroidManifest.xml:101:19-76
activity#com.chesssystem.ui.dazi.MyInviteActivity
ADDED from src\main\AndroidManifest.xml:103:9-104:20
	android:name
		ADDED from src\main\AndroidManifest.xml:103:19-74
activity#com.chesssystem.ui.dazi.RecordActivity
ADDED from src\main\AndroidManifest.xml:105:9-106:20
	android:name
		ADDED from src\main\AndroidManifest.xml:105:19-72
activity#com.chesssystem.ui.CollectionActivity
ADDED from src\main\AndroidManifest.xml:107:9-108:20
	android:name
		ADDED from src\main\AndroidManifest.xml:107:19-71
activity#com.chesssystem.ui.order.OrderActivity
ADDED from src\main\AndroidManifest.xml:109:9-110:20
	android:name
		ADDED from src\main\AndroidManifest.xml:109:19-72
activity#com.chesssystem.ui.setting.NameSettingActivity
ADDED from src\main\AndroidManifest.xml:111:9-112:20
	android:name
		ADDED from src\main\AndroidManifest.xml:111:19-80
activity#com.chesssystem.ui.comment.CommentMyActivity
ADDED from src\main\AndroidManifest.xml:113:9-114:20
	android:name
		ADDED from src\main\AndroidManifest.xml:113:19-78
activity#com.chesssystem.ui.order.RefundActivity
ADDED from src\main\AndroidManifest.xml:115:9-116:20
	android:name
		ADDED from src\main\AndroidManifest.xml:115:19-73
activity#com.chesssystem.map.CityChoiceActivity
ADDED from src\main\AndroidManifest.xml:117:9-120:20
	android:windowSoftInputMode
		ADDED from src\main\AndroidManifest.xml:119:13-64
	android:name
		ADDED from src\main\AndroidManifest.xml:118:13-66
activity#com.chesssystem.ui.order.OrderDetailActivity
ADDED from src\main\AndroidManifest.xml:121:9-122:20
	android:name
		ADDED from src\main\AndroidManifest.xml:121:19-78
activity#com.chesssystem.album.previewActivity
ADDED from src\main\AndroidManifest.xml:123:9-83
	android:name
		ADDED from src\main\AndroidManifest.xml:123:19-71
activity#com.chesssystem.ui.SearchActivity
ADDED from src\main\AndroidManifest.xml:124:9-126:66
	android:windowSoftInputMode
		ADDED from src\main\AndroidManifest.xml:126:15-54
	android:name
		ADDED from src\main\AndroidManifest.xml:125:14-62
activity#com.chesssystem.alipay.PayDemoActivity
ADDED from src\main\AndroidManifest.xml:127:17-129:20
	android:name
		ADDED from src\main\AndroidManifest.xml:128:13-66
activity#com.chesssystem.ui.order.RefundDetailActivity
ADDED from src\main\AndroidManifest.xml:130:9-91
	android:name
		ADDED from src\main\AndroidManifest.xml:130:19-79
activity#com.chesssystem.ui.H5MerchantsJoinActivity
ADDED from src\main\AndroidManifest.xml:131:10-136:20
	android:screenOrientation
		ADDED from src\main\AndroidManifest.xml:135:13-47
	android:exported
		ADDED from src\main\AndroidManifest.xml:134:13-37
	android:configChanges
		ADDED from src\main\AndroidManifest.xml:133:13-74
	android:name
		ADDED from src\main\AndroidManifest.xml:132:13-70
activity#com.chesssystem.alipay.H5PayDemoActivity
ADDED from src\main\AndroidManifest.xml:137:9-142:20
	android:screenOrientation
		ADDED from src\main\AndroidManifest.xml:141:13-47
	android:exported
		ADDED from src\main\AndroidManifest.xml:140:13-37
	android:configChanges
		ADDED from src\main\AndroidManifest.xml:139:13-74
	android:name
		ADDED from src\main\AndroidManifest.xml:138:13-68
activity#com.chesssystem.wxapi.WXPayEntryActivity
ADDED from src\main\AndroidManifest.xml:143:9-152:24
	android:launchMode
		ADDED from src\main\AndroidManifest.xml:146:13-43
	android:exported
		ADDED from src\main\AndroidManifest.xml:145:13-36
	android:name
		ADDED from src\main\AndroidManifest.xml:144:13-68
intent-filter#android.intent.action.VIEW+android.intent.category.DEFAULT
ADDED from src\main\AndroidManifest.xml:147:9-151:29
action#android.intent.action.VIEW
ADDED from src\main\AndroidManifest.xml:148:17-68
	android:name
		ADDED from src\main\AndroidManifest.xml:148:25-66
category#android.intent.category.DEFAULT
ADDED from src\main\AndroidManifest.xml:149:17-75
	android:name
		ADDED from src\main\AndroidManifest.xml:149:27-73
data
ADDED from src\main\AndroidManifest.xml:150:17-60
	android:scheme
		ADDED from src\main\AndroidManifest.xml:150:23-58
activity#com.alipay.sdk.app.H5PayActivity
ADDED from src\main\AndroidManifest.xml:154:9-160:20
	android:screenOrientation
		ADDED from src\main\AndroidManifest.xml:158:13-47
	android:exported
		ADDED from src\main\AndroidManifest.xml:157:13-37
	android:windowSoftInputMode
		ADDED from src\main\AndroidManifest.xml:159:13-67
	android:configChanges
		ADDED from src\main\AndroidManifest.xml:156:13-85
	android:name
		ADDED from src\main\AndroidManifest.xml:155:13-60